swanlab: \ Creating experiment...                                                                                                    swanlab: Tracking run with swanlab version 0.4.9
swanlab: Run data will be saved locally in D:\python-mangshe\pythonProject1\李宏毅机器学习\Hw1\swanlog\run-20250311_100332-590553d5
swanlab: 👋 Hi lizhongzheng, welcome to swanlab!
swanlab: Syncing run covid_model_train to the cloud
swanlab: 🌟 Run `swanlab watch D:\python-mangshe\pythonProject1\李宏毅机器学习\Hw1\swanlog` to view SwanLab Experiment Dashboard locally
swanlab: 🏠 View project at https://swanlab.cn/@lizhongzheng/Hw1
swanlab: 🚀 View run at https://swanlab.cn/@lizhongzheng/Hw1/runs/qim3zvlkyenl81gnhvgaw
train_data size: (2408, 89) valid_data size: (601, 89) test_data size: (997, 88)
[0, 1, 2, 3, 4, 5, 6, 7, 8, 9, 10, 11, 12, 13, 14, 15, 16, 17, 18, 19, 20, 21, 22, 23, 24, 25, 26, 27, 28, 29, 30, 31, 32, 33, 34, 35, 36, 37, 38, 39, 40, 41, 42, 43, 44, 45, 46, 47, 48, 49, 50, 51, 52, 53, 54, 55, 56, 57, 58, 59, 60, 61, 62, 63, 64, 65, 66, 67, 68, 69, 70, 71, 72, 73, 74, 75, 76, 77, 78, 79, 80, 81, 82, 83, 84, 85, 86, 87]
number of features: 88
I will create the new file,and I am deleting the old file!

Epoch[1/1000]:Train loss:16.8100,val loss:16.7585

Saving  model with loss16.759
Epoch[2/1000]:Train loss:16.7970,val loss:16.9157

Epoch[3/1000]:Train loss:16.8092,val loss:16.8015

Epoch[4/1000]:Train loss:16.8137,val loss:16.8088

Epoch[5/1000]:Train loss:16.8020,val loss:16.8685

Epoch[6/1000]:Train loss:16.8020,val loss:16.6958

Saving  model with loss16.696
Epoch[7/1000]:Train loss:16.7880,val loss:16.7502

Epoch[8/1000]:Train loss:16.8031,val loss:16.7912

Epoch[9/1000]:Train loss:16.7781,val loss:16.8245

Epoch[10/1000]:Train loss:16.7794,val loss:16.8666

Epoch[11/1000]:Train loss:16.7801,val loss:16.7438

Epoch[12/1000]:Train loss:16.7828,val loss:16.9144

Epoch[13/1000]:Train loss:16.7842,val loss:16.7605

Epoch[14/1000]:Train loss:16.7930,val loss:16.7110

Epoch[15/1000]:Train loss:16.7736,val loss:16.7838

Epoch[16/1000]:Train loss:16.7792,val loss:16.7356

Epoch[17/1000]:Train loss:16.7695,val loss:16.7206

Epoch[18/1000]:Train loss:16.7767,val loss:16.7408

Epoch[19/1000]:Train loss:16.7742,val loss:16.8528

Epoch[20/1000]:Train loss:16.7511,val loss:16.9532

Epoch[21/1000]:Train loss:16.7697,val loss:16.7094

Epoch[22/1000]:Train loss:16.7539,val loss:16.8795

Epoch[23/1000]:Train loss:16.7642,val loss:16.6866

Saving  model with loss16.687
Epoch[24/1000]:Train loss:16.7370,val loss:16.6747

Saving  model with loss16.675
Epoch[25/1000]:Train loss:16.7379,val loss:16.6536

Saving  model with loss16.654
Epoch[26/1000]:Train loss:16.7580,val loss:16.7320

Epoch[27/1000]:Train loss:16.7291,val loss:16.7176

Epoch[28/1000]:Train loss:16.7231,val loss:16.7942

Epoch[29/1000]:Train loss:16.7122,val loss:16.7353

Epoch[30/1000]:Train loss:16.6952,val loss:16.7161

Epoch[31/1000]:Train loss:16.6804,val loss:16.6808

Epoch[32/1000]:Train loss:16.6660,val loss:16.7739

Epoch[33/1000]:Train loss:16.6421,val loss:16.6894

Epoch[34/1000]:Train loss:16.6354,val loss:16.5907

Saving  model with loss16.591
Epoch[35/1000]:Train loss:16.6042,val loss:16.5933

Epoch[36/1000]:Train loss:16.5759,val loss:16.5168

Saving  model with loss16.517
Epoch[37/1000]:Train loss:16.5397,val loss:16.4702

Saving  model with loss16.470
Epoch[38/1000]:Train loss:16.4778,val loss:16.4058

Saving  model with loss16.406
Epoch[39/1000]:Train loss:16.4423,val loss:16.4616

Epoch[40/1000]:Train loss:16.3546,val loss:16.3804

Saving  model with loss16.380
Epoch[41/1000]:Train loss:16.2678,val loss:16.2276

Saving  model with loss16.228
Epoch[42/1000]:Train loss:16.1751,val loss:15.9966

Saving  model with loss15.997
Epoch[43/1000]:Train loss:16.0117,val loss:15.9870

Saving  model with loss15.987
Epoch[44/1000]:Train loss:15.7638,val loss:15.6525

Saving  model with loss15.653
Epoch[45/1000]:Train loss:15.5044,val loss:15.3664

Saving  model with loss15.366
Epoch[46/1000]:Train loss:15.0765,val loss:14.8030

Saving  model with loss14.803
Epoch[47/1000]:Train loss:14.5088,val loss:14.1073

Saving  model with loss14.107
Epoch[48/1000]:Train loss:13.5414,val loss:12.9104

Saving  model with loss12.910
Epoch[49/1000]:Train loss:12.2135,val loss:11.3596

Saving  model with loss11.360
Epoch[50/1000]:Train loss:10.6926,val loss:9.8578

Saving  model with loss9.858
Epoch[51/1000]:Train loss:9.4671,val loss:8.6986

Saving  model with loss8.699
Epoch[52/1000]:Train loss:8.6593,val loss:8.0660

Saving  model with loss8.066
Epoch[53/1000]:Train loss:8.2353,val loss:7.7081

Saving  model with loss7.708
Epoch[54/1000]:Train loss:8.0158,val loss:7.5360

Saving  model with loss7.536
Epoch[55/1000]:Train loss:7.9125,val loss:7.4695

Saving  model with loss7.469
Epoch[56/1000]:Train loss:7.8806,val loss:7.4224

Saving  model with loss7.422
Epoch[57/1000]:Train loss:7.8417,val loss:7.4293

Epoch[58/1000]:Train loss:7.8231,val loss:7.3796

Saving  model with loss7.380
Epoch[59/1000]:Train loss:7.8218,val loss:7.3468

Saving  model with loss7.347
Epoch[60/1000]:Train loss:7.8173,val loss:7.4338

Epoch[61/1000]:Train loss:7.7999,val loss:7.3565

Epoch[62/1000]:Train loss:7.7962,val loss:7.4206

Epoch[63/1000]:Train loss:7.7824,val loss:7.3923

Epoch[64/1000]:Train loss:7.7791,val loss:7.3605

Epoch[65/1000]:Train loss:7.7704,val loss:7.3224

Saving  model with loss7.322
Epoch[66/1000]:Train loss:7.7600,val loss:7.3506

Epoch[67/1000]:Train loss:7.7464,val loss:7.3239

Epoch[68/1000]:Train loss:7.7432,val loss:7.3005

Saving  model with loss7.300
Epoch[69/1000]:Train loss:7.7369,val loss:7.3550

Epoch[70/1000]:Train loss:7.7194,val loss:7.3484

Epoch[71/1000]:Train loss:7.7240,val loss:7.2845

Saving  model with loss7.285
Epoch[72/1000]:Train loss:7.7059,val loss:7.2295

Saving  model with loss7.230
Epoch[73/1000]:Train loss:7.6937,val loss:7.2953

Epoch[74/1000]:Train loss:7.6810,val loss:7.2666

Epoch[75/1000]:Train loss:7.6838,val loss:7.2841

Epoch[76/1000]:Train loss:7.6720,val loss:7.2772

Epoch[77/1000]:Train loss:7.6697,val loss:7.2630

Epoch[78/1000]:Train loss:7.6480,val loss:7.1560

Saving  model with loss7.156
Epoch[79/1000]:Train loss:7.6386,val loss:7.1989

Epoch[80/1000]:Train loss:7.6314,val loss:7.1988

Epoch[81/1000]:Train loss:7.6152,val loss:7.2082

Epoch[82/1000]:Train loss:7.6125,val loss:7.1770

Epoch[83/1000]:Train loss:7.6168,val loss:7.1534

Saving  model with loss7.153
Epoch[84/1000]:Train loss:7.5906,val loss:7.2116

Epoch[85/1000]:Train loss:7.5896,val loss:7.1863

Epoch[86/1000]:Train loss:7.5719,val loss:7.1242

Saving  model with loss7.124
Epoch[87/1000]:Train loss:7.5733,val loss:7.1733

Epoch[88/1000]:Train loss:7.5575,val loss:7.1408

Epoch[89/1000]:Train loss:7.5460,val loss:7.1427

Epoch[90/1000]:Train loss:7.5437,val loss:7.1188

Saving  model with loss7.119
Epoch[91/1000]:Train loss:7.5261,val loss:7.0885

Saving  model with loss7.088
Epoch[92/1000]:Train loss:7.5279,val loss:7.1898

Epoch[93/1000]:Train loss:7.5158,val loss:7.1194

Epoch[94/1000]:Train loss:7.5053,val loss:7.1079

Epoch[95/1000]:Train loss:7.4827,val loss:7.0860

Saving  model with loss7.086
Epoch[96/1000]:Train loss:7.4808,val loss:7.0850

Saving  model with loss7.085
Epoch[97/1000]:Train loss:7.4636,val loss:7.0951

Epoch[98/1000]:Train loss:7.4636,val loss:7.0194

Saving  model with loss7.019
Epoch[99/1000]:Train loss:7.4563,val loss:7.0486

Epoch[100/1000]:Train loss:7.4437,val loss:7.1029

Epoch[101/1000]:Train loss:7.4359,val loss:7.0534

Epoch[102/1000]:Train loss:7.4231,val loss:7.0655

Epoch[103/1000]:Train loss:7.4162,val loss:7.0262

Epoch[104/1000]:Train loss:7.3957,val loss:7.0371

Epoch[105/1000]:Train loss:7.3866,val loss:7.0178

Saving  model with loss7.018
Epoch[106/1000]:Train loss:7.3807,val loss:6.9204

Saving  model with loss6.920
Epoch[107/1000]:Train loss:7.3606,val loss:6.9724

Epoch[108/1000]:Train loss:7.3535,val loss:6.9178

Saving  model with loss6.918
Epoch[109/1000]:Train loss:7.3515,val loss:6.9284

Epoch[110/1000]:Train loss:7.3358,val loss:6.9611

Epoch[111/1000]:Train loss:7.3250,val loss:6.9364

Epoch[112/1000]:Train loss:7.3083,val loss:6.8843

Saving  model with loss6.884
Epoch[113/1000]:Train loss:7.2985,val loss:6.9162

Epoch[114/1000]:Train loss:7.2950,val loss:6.9483

Epoch[115/1000]:Train loss:7.2693,val loss:6.8625

Saving  model with loss6.862
Epoch[116/1000]:Train loss:7.2670,val loss:6.9209

Epoch[117/1000]:Train loss:7.2568,val loss:6.8503

Saving  model with loss6.850
Epoch[118/1000]:Train loss:7.2475,val loss:6.8779

Epoch[119/1000]:Train loss:7.2374,val loss:6.8293

Saving  model with loss6.829
Epoch[120/1000]:Train loss:7.2223,val loss:6.8649

Epoch[121/1000]:Train loss:7.2115,val loss:6.8345

Epoch[122/1000]:Train loss:7.2068,val loss:6.7810

Saving  model with loss6.781
Epoch[123/1000]:Train loss:7.1912,val loss:6.8159

Epoch[124/1000]:Train loss:7.1775,val loss:6.8143

Epoch[125/1000]:Train loss:7.1734,val loss:6.8373

Epoch[126/1000]:Train loss:7.1453,val loss:6.7592

Saving  model with loss6.759
Epoch[127/1000]:Train loss:7.1518,val loss:6.7631

Epoch[128/1000]:Train loss:7.1382,val loss:6.7914

Epoch[129/1000]:Train loss:7.1196,val loss:6.7569

Saving  model with loss6.757
Epoch[130/1000]:Train loss:7.1061,val loss:6.7853

Epoch[131/1000]:Train loss:7.1001,val loss:6.7550

Saving  model with loss6.755
Epoch[132/1000]:Train loss:7.0881,val loss:6.7442

Saving  model with loss6.744
Epoch[133/1000]:Train loss:7.0745,val loss:6.7040

Saving  model with loss6.704
Epoch[134/1000]:Train loss:7.0548,val loss:6.7190

Epoch[135/1000]:Train loss:7.0519,val loss:6.6627

Saving  model with loss6.663
Epoch[136/1000]:Train loss:7.0339,val loss:6.6610

Saving  model with loss6.661
Epoch[137/1000]:Train loss:7.0247,val loss:6.6039

Saving  model with loss6.604
Epoch[138/1000]:Train loss:7.0073,val loss:6.6506

Epoch[139/1000]:Train loss:7.0058,val loss:6.5868

Saving  model with loss6.587
Epoch[140/1000]:Train loss:6.9943,val loss:6.6847

Epoch[141/1000]:Train loss:6.9843,val loss:6.6398

Epoch[142/1000]:Train loss:6.9680,val loss:6.6577

Epoch[143/1000]:Train loss:6.9693,val loss:6.6018

Epoch[144/1000]:Train loss:6.9474,val loss:6.6198

Epoch[145/1000]:Train loss:6.9380,val loss:6.6452

Epoch[146/1000]:Train loss:6.9200,val loss:6.5384

Saving  model with loss6.538
Epoch[147/1000]:Train loss:6.9116,val loss:6.6343

Epoch[148/1000]:Train loss:6.8969,val loss:6.5900

Epoch[149/1000]:Train loss:6.8859,val loss:6.5944

Epoch[150/1000]:Train loss:6.8912,val loss:6.5437

Epoch[151/1000]:Train loss:6.8706,val loss:6.5944

Epoch[152/1000]:Train loss:6.8650,val loss:6.5847

Epoch[153/1000]:Train loss:6.8582,val loss:6.5508

Epoch[154/1000]:Train loss:6.8428,val loss:6.5104

Saving  model with loss6.510
Epoch[155/1000]:Train loss:6.8366,val loss:6.5515

Epoch[156/1000]:Train loss:6.8316,val loss:6.5435

Epoch[157/1000]:Train loss:6.8318,val loss:6.5820

Epoch[158/1000]:Train loss:6.8017,val loss:6.5184

Epoch[159/1000]:Train loss:6.7984,val loss:6.5255

Epoch[160/1000]:Train loss:6.7902,val loss:6.5355

Epoch[161/1000]:Train loss:6.7770,val loss:6.5000

Saving  model with loss6.500
Epoch[162/1000]:Train loss:6.7790,val loss:6.4443

Saving  model with loss6.444
Epoch[163/1000]:Train loss:6.7697,val loss:6.5269

Epoch[164/1000]:Train loss:6.7529,val loss:6.4636

Epoch[165/1000]:Train loss:6.7475,val loss:6.5129

Epoch[166/1000]:Train loss:6.7328,val loss:6.4718

Epoch[167/1000]:Train loss:6.7333,val loss:6.4796

Epoch[168/1000]:Train loss:6.7227,val loss:6.4143

Saving  model with loss6.414
Epoch[169/1000]:Train loss:6.7074,val loss:6.4065

Saving  model with loss6.407
Epoch[170/1000]:Train loss:6.7093,val loss:6.4126

Epoch[171/1000]:Train loss:6.6931,val loss:6.4050

Saving  model with loss6.405
Epoch[172/1000]:Train loss:6.6915,val loss:6.4174

Epoch[173/1000]:Train loss:6.6738,val loss:6.3906

Saving  model with loss6.391
Epoch[174/1000]:Train loss:6.6752,val loss:6.3866

Saving  model with loss6.387
Epoch[175/1000]:Train loss:6.6597,val loss:6.3879

Epoch[176/1000]:Train loss:6.6488,val loss:6.3742

Saving  model with loss6.374
Epoch[177/1000]:Train loss:6.6372,val loss:6.3895

Epoch[178/1000]:Train loss:6.6306,val loss:6.4072

Epoch[179/1000]:Train loss:6.6226,val loss:6.3991

Epoch[180/1000]:Train loss:6.6190,val loss:6.3974

Epoch[181/1000]:Train loss:6.6148,val loss:6.3366

Saving  model with loss6.337
Epoch[182/1000]:Train loss:6.5929,val loss:6.3354

Saving  model with loss6.335
Epoch[183/1000]:Train loss:6.5834,val loss:6.3804

Epoch[184/1000]:Train loss:6.5790,val loss:6.3727

Epoch[185/1000]:Train loss:6.5755,val loss:6.3825

Epoch[186/1000]:Train loss:6.5742,val loss:6.3520

Epoch[187/1000]:Train loss:6.5527,val loss:6.3276

Saving  model with loss6.328
Epoch[188/1000]:Train loss:6.5437,val loss:6.3170

Saving  model with loss6.317
Epoch[189/1000]:Train loss:6.5480,val loss:6.3034

Saving  model with loss6.303
Epoch[190/1000]:Train loss:6.5421,val loss:6.3097

Epoch[191/1000]:Train loss:6.5328,val loss:6.3669

Epoch[192/1000]:Train loss:6.5256,val loss:6.2968

Saving  model with loss6.297
Epoch[193/1000]:Train loss:6.5083,val loss:6.3509

Epoch[194/1000]:Train loss:6.5160,val loss:6.3043

Epoch[195/1000]:Train loss:6.4914,val loss:6.3069

Epoch[196/1000]:Train loss:6.4863,val loss:6.2963

Saving  model with loss6.296
Epoch[197/1000]:Train loss:6.4761,val loss:6.2978

Epoch[198/1000]:Train loss:6.4765,val loss:6.2506

Saving  model with loss6.251
Epoch[199/1000]:Train loss:6.4575,val loss:6.2857

Epoch[200/1000]:Train loss:6.4567,val loss:6.2440

Saving  model with loss6.244
Epoch[201/1000]:Train loss:6.4470,val loss:6.2945

Epoch[202/1000]:Train loss:6.4344,val loss:6.2623

Epoch[203/1000]:Train loss:6.4203,val loss:6.2394

Saving  model with loss6.239
Epoch[204/1000]:Train loss:6.4264,val loss:6.2256

Saving  model with loss6.226
Epoch[205/1000]:Train loss:6.4128,val loss:6.1721

Saving  model with loss6.172
Epoch[206/1000]:Train loss:6.4128,val loss:6.2278

Epoch[207/1000]:Train loss:6.4010,val loss:6.2307

Epoch[208/1000]:Train loss:6.3854,val loss:6.2296

Epoch[209/1000]:Train loss:6.3866,val loss:6.1488

Saving  model with loss6.149
Epoch[210/1000]:Train loss:6.3750,val loss:6.2141

Epoch[211/1000]:Train loss:6.3645,val loss:6.2122

Epoch[212/1000]:Train loss:6.3630,val loss:6.1801

Epoch[213/1000]:Train loss:6.3426,val loss:6.1846

Epoch[214/1000]:Train loss:6.3410,val loss:6.1576

Epoch[215/1000]:Train loss:6.3277,val loss:6.1730

Epoch[216/1000]:Train loss:6.3266,val loss:6.1482

Saving  model with loss6.148
Epoch[217/1000]:Train loss:6.3262,val loss:6.1831

Epoch[218/1000]:Train loss:6.3186,val loss:6.1226

Saving  model with loss6.123
Epoch[219/1000]:Train loss:6.3124,val loss:6.1460

Epoch[220/1000]:Train loss:6.2946,val loss:6.0981

Saving  model with loss6.098
Epoch[221/1000]:Train loss:6.2907,val loss:6.0949

Saving  model with loss6.095
Epoch[222/1000]:Train loss:6.2744,val loss:6.0632

Saving  model with loss6.063
Epoch[223/1000]:Train loss:6.2714,val loss:6.1334

Epoch[224/1000]:Train loss:6.2620,val loss:6.1136

Epoch[225/1000]:Train loss:6.2502,val loss:6.0664

Epoch[226/1000]:Train loss:6.2403,val loss:6.1237

Epoch[227/1000]:Train loss:6.2247,val loss:6.0694

Epoch[228/1000]:Train loss:6.2247,val loss:6.0975

Epoch[229/1000]:Train loss:6.2173,val loss:6.0337

Saving  model with loss6.034
Epoch[230/1000]:Train loss:6.2082,val loss:6.0498

Epoch[231/1000]:Train loss:6.1959,val loss:6.0812

Epoch[232/1000]:Train loss:6.1946,val loss:6.0556

Epoch[233/1000]:Train loss:6.1864,val loss:6.0181

Saving  model with loss6.018
Epoch[234/1000]:Train loss:6.1797,val loss:5.9800

Saving  model with loss5.980
Epoch[235/1000]:Train loss:6.1672,val loss:6.0432

Epoch[236/1000]:Train loss:6.1638,val loss:6.0044

Epoch[237/1000]:Train loss:6.1458,val loss:6.0070

Epoch[238/1000]:Train loss:6.1404,val loss:5.9930

Epoch[239/1000]:Train loss:6.1304,val loss:5.9790

Saving  model with loss5.979
Epoch[240/1000]:Train loss:6.1256,val loss:5.9756

Saving  model with loss5.976
Epoch[241/1000]:Train loss:6.1180,val loss:5.9531

Saving  model with loss5.953
Epoch[242/1000]:Train loss:6.1010,val loss:5.9755

Epoch[243/1000]:Train loss:6.0952,val loss:5.9205

Saving  model with loss5.921
Epoch[244/1000]:Train loss:6.0864,val loss:5.9721

Epoch[245/1000]:Train loss:6.0737,val loss:5.9367

Epoch[246/1000]:Train loss:6.0691,val loss:5.8983

Saving  model with loss5.898
Epoch[247/1000]:Train loss:6.0576,val loss:5.9994

Epoch[248/1000]:Train loss:6.0419,val loss:5.8757

Saving  model with loss5.876
Epoch[249/1000]:Train loss:6.0346,val loss:5.8771

Epoch[250/1000]:Train loss:6.0288,val loss:5.8991

Epoch[251/1000]:Train loss:6.0076,val loss:5.8885

Epoch[252/1000]:Train loss:5.9969,val loss:5.8656

Saving  model with loss5.866
Epoch[253/1000]:Train loss:5.9949,val loss:5.8552

Saving  model with loss5.855
Epoch[254/1000]:Train loss:5.9841,val loss:5.8950

Epoch[255/1000]:Train loss:5.9780,val loss:5.8788

Epoch[256/1000]:Train loss:5.9561,val loss:5.8434

Saving  model with loss5.843
Epoch[257/1000]:Train loss:5.9471,val loss:5.8014

Saving  model with loss5.801
Epoch[258/1000]:Train loss:5.9499,val loss:5.8700

Epoch[259/1000]:Train loss:5.9230,val loss:5.7806

Saving  model with loss5.781
Epoch[260/1000]:Train loss:5.9203,val loss:5.7683

Saving  model with loss5.768
Epoch[261/1000]:Train loss:5.8970,val loss:5.7662

Saving  model with loss5.766
Epoch[262/1000]:Train loss:5.8873,val loss:5.7550

Saving  model with loss5.755
Epoch[263/1000]:Train loss:5.8734,val loss:5.7575

Epoch[264/1000]:Train loss:5.8616,val loss:5.7246

Saving  model with loss5.725
Epoch[265/1000]:Train loss:5.8507,val loss:5.7319

Epoch[266/1000]:Train loss:5.8366,val loss:5.8004

Epoch[267/1000]:Train loss:5.8360,val loss:5.7192

Saving  model with loss5.719
Epoch[268/1000]:Train loss:5.8029,val loss:5.6884

Saving  model with loss5.688
Epoch[269/1000]:Train loss:5.8038,val loss:5.6848

Saving  model with loss5.685
Epoch[270/1000]:Train loss:5.7878,val loss:5.6137

Saving  model with loss5.614
Epoch[271/1000]:Train loss:5.7817,val loss:5.5870

Saving  model with loss5.587
Epoch[272/1000]:Train loss:5.7590,val loss:5.6128

Epoch[273/1000]:Train loss:5.7470,val loss:5.6297

Epoch[274/1000]:Train loss:5.7334,val loss:5.6394

Epoch[275/1000]:Train loss:5.7181,val loss:5.5651

Saving  model with loss5.565
Epoch[276/1000]:Train loss:5.7084,val loss:5.5786

Epoch[277/1000]:Train loss:5.7047,val loss:5.5411

Saving  model with loss5.541
Epoch[278/1000]:Train loss:5.6785,val loss:5.5332

Saving  model with loss5.533
Epoch[279/1000]:Train loss:5.6671,val loss:5.5948

Epoch[280/1000]:Train loss:5.6357,val loss:5.5374

Epoch[281/1000]:Train loss:5.6271,val loss:5.5380

Epoch[282/1000]:Train loss:5.6161,val loss:5.5261

Saving  model with loss5.526
Epoch[283/1000]:Train loss:5.5904,val loss:5.4411

Saving  model with loss5.441
Epoch[284/1000]:Train loss:5.5843,val loss:5.4528

Epoch[285/1000]:Train loss:5.5600,val loss:5.4355

Saving  model with loss5.436
Epoch[286/1000]:Train loss:5.5412,val loss:5.4281

Saving  model with loss5.428
Epoch[287/1000]:Train loss:5.5173,val loss:5.4430

Epoch[288/1000]:Train loss:5.5172,val loss:5.4204

Saving  model with loss5.420
Epoch[289/1000]:Train loss:5.4919,val loss:5.3600

Saving  model with loss5.360
Epoch[290/1000]:Train loss:5.4774,val loss:5.3625

Epoch[291/1000]:Train loss:5.4421,val loss:5.2990

Saving  model with loss5.299
Epoch[292/1000]:Train loss:5.4355,val loss:5.3207

Epoch[293/1000]:Train loss:5.4194,val loss:5.2720

Saving  model with loss5.272
Epoch[294/1000]:Train loss:5.3854,val loss:5.2746

Epoch[295/1000]:Train loss:5.3743,val loss:5.2512

Saving  model with loss5.251
Epoch[296/1000]:Train loss:5.3515,val loss:5.2394

Saving  model with loss5.239
Epoch[297/1000]:Train loss:5.3265,val loss:5.2827

Epoch[298/1000]:Train loss:5.3090,val loss:5.1725

Saving  model with loss5.172
Epoch[299/1000]:Train loss:5.2864,val loss:5.1946

Epoch[300/1000]:Train loss:5.2560,val loss:5.1505

Saving  model with loss5.151
Epoch[301/1000]:Train loss:5.2319,val loss:5.1488

Saving  model with loss5.149
Epoch[302/1000]:Train loss:5.2116,val loss:5.0819

Saving  model with loss5.082
Epoch[303/1000]:Train loss:5.1879,val loss:5.0916

Epoch[304/1000]:Train loss:5.1671,val loss:5.1121

Epoch[305/1000]:Train loss:5.1346,val loss:5.0577

Saving  model with loss5.058
Epoch[306/1000]:Train loss:5.1169,val loss:4.9894

Saving  model with loss4.989
Epoch[307/1000]:Train loss:5.0873,val loss:4.9814

Saving  model with loss4.981
Epoch[308/1000]:Train loss:5.0627,val loss:4.9575

Saving  model with loss4.958
Epoch[309/1000]:Train loss:5.0325,val loss:4.9749

Epoch[310/1000]:Train loss:5.0058,val loss:4.9153

Saving  model with loss4.915
Epoch[311/1000]:Train loss:4.9749,val loss:4.9113

Saving  model with loss4.911
Epoch[312/1000]:Train loss:4.9522,val loss:4.8373

Saving  model with loss4.837
Epoch[313/1000]:Train loss:4.9198,val loss:4.8412

Epoch[314/1000]:Train loss:4.8886,val loss:4.7994

Saving  model with loss4.799
Epoch[315/1000]:Train loss:4.8541,val loss:4.8115

Epoch[316/1000]:Train loss:4.8197,val loss:4.7334

Saving  model with loss4.733
Epoch[317/1000]:Train loss:4.8066,val loss:4.7034

Saving  model with loss4.703
Epoch[318/1000]:Train loss:4.7615,val loss:4.6694

Saving  model with loss4.669
Epoch[319/1000]:Train loss:4.7122,val loss:4.6446

Saving  model with loss4.645
Epoch[320/1000]:Train loss:4.6913,val loss:4.5769

Saving  model with loss4.577
Epoch[321/1000]:Train loss:4.6696,val loss:4.5482

Saving  model with loss4.548
Epoch[322/1000]:Train loss:4.6235,val loss:4.5612

Epoch[323/1000]:Train loss:4.5778,val loss:4.4933

Saving  model with loss4.493
Epoch[324/1000]:Train loss:4.5517,val loss:4.4547

Saving  model with loss4.455
Epoch[325/1000]:Train loss:4.5054,val loss:4.3997

Saving  model with loss4.400
Epoch[326/1000]:Train loss:4.4619,val loss:4.3865

Saving  model with loss4.386
Epoch[327/1000]:Train loss:4.4198,val loss:4.3681

Saving  model with loss4.368
Epoch[328/1000]:Train loss:4.3783,val loss:4.2548

Saving  model with loss4.255
Epoch[329/1000]:Train loss:4.3408,val loss:4.2256

Saving  model with loss4.226
Epoch[330/1000]:Train loss:4.3018,val loss:4.1776

Saving  model with loss4.178
Epoch[331/1000]:Train loss:4.2675,val loss:4.1890

Epoch[332/1000]:Train loss:4.2302,val loss:4.1829

Epoch[333/1000]:Train loss:4.1564,val loss:4.0754

Saving  model with loss4.075
Epoch[334/1000]:Train loss:4.1269,val loss:4.0355

Saving  model with loss4.036
Epoch[335/1000]:Train loss:4.0673,val loss:3.9600

Saving  model with loss3.960
Epoch[336/1000]:Train loss:4.0365,val loss:3.9411

Saving  model with loss3.941
Epoch[337/1000]:Train loss:3.9840,val loss:3.8309

Saving  model with loss3.831
Epoch[338/1000]:Train loss:3.9241,val loss:3.8149

Saving  model with loss3.815
Epoch[339/1000]:Train loss:3.8662,val loss:3.7489

Saving  model with loss3.749
Epoch[340/1000]:Train loss:3.8246,val loss:3.6970

Saving  model with loss3.697
Epoch[341/1000]:Train loss:3.7814,val loss:3.6949

Saving  model with loss3.695
Epoch[342/1000]:Train loss:3.7067,val loss:3.6173

Saving  model with loss3.617
Epoch[343/1000]:Train loss:3.6586,val loss:3.5298

Saving  model with loss3.530
Epoch[344/1000]:Train loss:3.6050,val loss:3.4736

Saving  model with loss3.474
Epoch[345/1000]:Train loss:3.5459,val loss:3.4321

Saving  model with loss3.432
Epoch[346/1000]:Train loss:3.4972,val loss:3.3880

Saving  model with loss3.388
Epoch[347/1000]:Train loss:3.4398,val loss:3.3935

Epoch[348/1000]:Train loss:3.3694,val loss:3.2627

Saving  model with loss3.263
Epoch[349/1000]:Train loss:3.3390,val loss:3.1746

Saving  model with loss3.175
Epoch[350/1000]:Train loss:3.2842,val loss:3.1360

Saving  model with loss3.136
Epoch[351/1000]:Train loss:3.2262,val loss:3.1141

Saving  model with loss3.114
Epoch[352/1000]:Train loss:3.1602,val loss:3.0967

Saving  model with loss3.097
Epoch[353/1000]:Train loss:3.1055,val loss:2.9747

Saving  model with loss2.975
Epoch[354/1000]:Train loss:3.0208,val loss:2.9088

Saving  model with loss2.909
Epoch[355/1000]:Train loss:2.9828,val loss:2.8451

Saving  model with loss2.845
Epoch[356/1000]:Train loss:2.9309,val loss:2.7898

Saving  model with loss2.790
Epoch[357/1000]:Train loss:2.8614,val loss:2.7166

Saving  model with loss2.717
Epoch[358/1000]:Train loss:2.8001,val loss:2.6972

Saving  model with loss2.697
Epoch[359/1000]:Train loss:2.7439,val loss:2.6493

Saving  model with loss2.649
Epoch[360/1000]:Train loss:2.7120,val loss:2.5881

Saving  model with loss2.588
Epoch[361/1000]:Train loss:2.6489,val loss:2.5606

Saving  model with loss2.561
Epoch[362/1000]:Train loss:2.6006,val loss:2.5341

Saving  model with loss2.534
Epoch[363/1000]:Train loss:2.5508,val loss:2.4655

Saving  model with loss2.466
Epoch[364/1000]:Train loss:2.5098,val loss:2.3975

Saving  model with loss2.397
Epoch[365/1000]:Train loss:2.4797,val loss:2.4500

Epoch[366/1000]:Train loss:2.4478,val loss:2.3666

Saving  model with loss2.367
Epoch[367/1000]:Train loss:2.3744,val loss:2.2678

Saving  model with loss2.268
Epoch[368/1000]:Train loss:2.3412,val loss:2.2974

Epoch[369/1000]:Train loss:2.3093,val loss:2.2350

Saving  model with loss2.235
Epoch[370/1000]:Train loss:2.2703,val loss:2.1883

Saving  model with loss2.188
Epoch[371/1000]:Train loss:2.2510,val loss:2.1757

Saving  model with loss2.176
Epoch[372/1000]:Train loss:2.2071,val loss:2.2322

Epoch[373/1000]:Train loss:2.2006,val loss:2.1315

Saving  model with loss2.131
Epoch[374/1000]:Train loss:2.1722,val loss:2.1550

Epoch[375/1000]:Train loss:2.1292,val loss:2.0695

Saving  model with loss2.069
Epoch[376/1000]:Train loss:2.1136,val loss:2.0935

Epoch[377/1000]:Train loss:2.1159,val loss:2.1184

Epoch[378/1000]:Train loss:2.0630,val loss:2.1061

Epoch[379/1000]:Train loss:2.0591,val loss:2.0325

Saving  model with loss2.032
Epoch[380/1000]:Train loss:2.0460,val loss:2.0158

Saving  model with loss2.016
Epoch[381/1000]:Train loss:2.0271,val loss:2.0083

Saving  model with loss2.008
Epoch[382/1000]:Train loss:2.0331,val loss:1.9930

Saving  model with loss1.993
Epoch[383/1000]:Train loss:2.0146,val loss:2.0004

Epoch[384/1000]:Train loss:2.0098,val loss:2.1385

Epoch[385/1000]:Train loss:1.9914,val loss:1.9982

Epoch[386/1000]:Train loss:1.9686,val loss:1.9810

Saving  model with loss1.981
Epoch[387/1000]:Train loss:1.9580,val loss:1.9624

Saving  model with loss1.962
Epoch[388/1000]:Train loss:1.9797,val loss:1.9400

Saving  model with loss1.940
Epoch[389/1000]:Train loss:1.9794,val loss:2.0016

Epoch[390/1000]:Train loss:1.9859,val loss:2.1638

Epoch[391/1000]:Train loss:1.9952,val loss:1.9512

Epoch[392/1000]:Train loss:1.9515,val loss:1.9596

Epoch[393/1000]:Train loss:1.9416,val loss:1.9172

Saving  model with loss1.917
Epoch[394/1000]:Train loss:1.9260,val loss:1.9527

Epoch[395/1000]:Train loss:1.9656,val loss:1.9228

Epoch[396/1000]:Train loss:1.9343,val loss:1.9279

Epoch[397/1000]:Train loss:1.9337,val loss:1.9249

Epoch[398/1000]:Train loss:1.9479,val loss:1.9128

Saving  model with loss1.913
Epoch[399/1000]:Train loss:1.9727,val loss:1.9501

Epoch[400/1000]:Train loss:1.9173,val loss:2.0592

Epoch[401/1000]:Train loss:1.9216,val loss:1.9777

Epoch[402/1000]:Train loss:1.9031,val loss:2.0517

Epoch[403/1000]:Train loss:1.9408,val loss:1.8981

Saving  model with loss1.898
Epoch[404/1000]:Train loss:1.9302,val loss:2.0580

Epoch[405/1000]:Train loss:1.9648,val loss:1.8924

Saving  model with loss1.892
Epoch[406/1000]:Train loss:1.9031,val loss:1.9141

Epoch[407/1000]:Train loss:1.9110,val loss:2.0131

Epoch[408/1000]:Train loss:1.8978,val loss:1.8943

Epoch[409/1000]:Train loss:1.9502,val loss:1.9946

Epoch[410/1000]:Train loss:1.9050,val loss:1.8694

Saving  model with loss1.869
Epoch[411/1000]:Train loss:1.8870,val loss:1.9779

Epoch[412/1000]:Train loss:1.9164,val loss:1.9264

Epoch[413/1000]:Train loss:1.8736,val loss:1.9034

Epoch[414/1000]:Train loss:1.9006,val loss:1.8955

Epoch[415/1000]:Train loss:1.8873,val loss:1.9032

Epoch[416/1000]:Train loss:1.8962,val loss:1.8753

Epoch[417/1000]:Train loss:1.8686,val loss:1.8855

Epoch[418/1000]:Train loss:1.9043,val loss:1.9875

Epoch[419/1000]:Train loss:1.8762,val loss:1.8632

Saving  model with loss1.863
Epoch[420/1000]:Train loss:1.8929,val loss:1.9684

Epoch[421/1000]:Train loss:1.8693,val loss:1.8528

Saving  model with loss1.853
Epoch[422/1000]:Train loss:1.8568,val loss:1.8548

Epoch[423/1000]:Train loss:1.8773,val loss:1.8880

Epoch[424/1000]:Train loss:1.8837,val loss:2.0216

Epoch[425/1000]:Train loss:1.8697,val loss:1.8557

Epoch[426/1000]:Train loss:1.8416,val loss:1.8626

Epoch[427/1000]:Train loss:1.8368,val loss:1.8812

Epoch[428/1000]:Train loss:1.8773,val loss:1.8870

Epoch[429/1000]:Train loss:1.8464,val loss:1.8516

Saving  model with loss1.852
Epoch[430/1000]:Train loss:1.8419,val loss:1.8460

Saving  model with loss1.846
Epoch[431/1000]:Train loss:1.8283,val loss:1.8512

Epoch[432/1000]:Train loss:1.8291,val loss:1.9011

Epoch[433/1000]:Train loss:1.8352,val loss:1.8856

Epoch[434/1000]:Train loss:1.8469,val loss:1.8387

Saving  model with loss1.839
Epoch[435/1000]:Train loss:1.8679,val loss:1.8443

Epoch[436/1000]:Train loss:1.8241,val loss:1.8645

Epoch[437/1000]:Train loss:1.8508,val loss:1.9009

Epoch[438/1000]:Train loss:1.8190,val loss:1.8448

Epoch[439/1000]:Train loss:1.8294,val loss:1.8332

Saving  model with loss1.833
Epoch[440/1000]:Train loss:1.8241,val loss:1.8573

Epoch[441/1000]:Train loss:1.8211,val loss:1.8652

Epoch[442/1000]:Train loss:1.8115,val loss:1.8271

Saving  model with loss1.827
Epoch[443/1000]:Train loss:1.8121,val loss:1.8419

Epoch[444/1000]:Train loss:1.8180,val loss:1.8266

Saving  model with loss1.827
Epoch[445/1000]:Train loss:1.8240,val loss:1.8315

Epoch[446/1000]:Train loss:1.8521,val loss:2.0259

Epoch[447/1000]:Train loss:1.8446,val loss:1.8270

Epoch[448/1000]:Train loss:1.8554,val loss:1.8159

Saving  model with loss1.816
Epoch[449/1000]:Train loss:1.8247,val loss:1.8112

Saving  model with loss1.811
Epoch[450/1000]:Train loss:1.8298,val loss:2.0956

Epoch[451/1000]:Train loss:1.7832,val loss:1.8141

Epoch[452/1000]:Train loss:1.8128,val loss:1.8286

Epoch[453/1000]:Train loss:1.8238,val loss:1.7996

Saving  model with loss1.800
Epoch[454/1000]:Train loss:1.7788,val loss:1.8116

Epoch[455/1000]:Train loss:1.8206,val loss:1.8222

Epoch[456/1000]:Train loss:1.7804,val loss:1.8082

Epoch[457/1000]:Train loss:1.8126,val loss:1.8107

Epoch[458/1000]:Train loss:1.8348,val loss:1.8507

Epoch[459/1000]:Train loss:1.7836,val loss:1.8077

Epoch[460/1000]:Train loss:1.7666,val loss:1.9644

Epoch[461/1000]:Train loss:1.8348,val loss:1.7731

Saving  model with loss1.773
Epoch[462/1000]:Train loss:1.7629,val loss:1.8405

Epoch[463/1000]:Train loss:1.8002,val loss:1.8110

Epoch[464/1000]:Train loss:1.7972,val loss:1.8692

Epoch[465/1000]:Train loss:1.7728,val loss:1.7809

Epoch[466/1000]:Train loss:1.8472,val loss:1.8054

Epoch[467/1000]:Train loss:1.7788,val loss:1.9940

Epoch[468/1000]:Train loss:1.8122,val loss:1.7730

Saving  model with loss1.773
Epoch[469/1000]:Train loss:1.7863,val loss:1.7753

Epoch[470/1000]:Train loss:1.7483,val loss:1.8038

Epoch[471/1000]:Train loss:1.7880,val loss:1.8814

Epoch[472/1000]:Train loss:1.7969,val loss:1.7663

Saving  model with loss1.766
Epoch[473/1000]:Train loss:1.7546,val loss:1.7512

Saving  model with loss1.751
Epoch[474/1000]:Train loss:1.7601,val loss:1.7826

Epoch[475/1000]:Train loss:1.7810,val loss:1.7879

Epoch[476/1000]:Train loss:1.7445,val loss:1.7608

Epoch[477/1000]:Train loss:1.8112,val loss:1.7645

Epoch[478/1000]:Train loss:1.7902,val loss:1.7709

Epoch[479/1000]:Train loss:1.7539,val loss:1.7953

Epoch[480/1000]:Train loss:1.7549,val loss:1.7766

Epoch[481/1000]:Train loss:1.7984,val loss:1.7578

Epoch[482/1000]:Train loss:1.7629,val loss:1.7542

Epoch[483/1000]:Train loss:1.7977,val loss:1.8443

Epoch[484/1000]:Train loss:1.7845,val loss:1.9677

Epoch[485/1000]:Train loss:1.7820,val loss:1.7451

Saving  model with loss1.745
Epoch[486/1000]:Train loss:1.7399,val loss:1.8189

Epoch[487/1000]:Train loss:1.7268,val loss:1.7695

Epoch[488/1000]:Train loss:1.7382,val loss:1.7555

Epoch[489/1000]:Train loss:1.7833,val loss:1.7693

Epoch[490/1000]:Train loss:1.7238,val loss:1.8814

Epoch[491/1000]:Train loss:1.7248,val loss:1.7906

Epoch[492/1000]:Train loss:1.7459,val loss:1.8494

Epoch[493/1000]:Train loss:1.7254,val loss:1.7734

Epoch[494/1000]:Train loss:1.7413,val loss:1.7610

Epoch[495/1000]:Train loss:1.7236,val loss:1.7323

Saving  model with loss1.732
Epoch[496/1000]:Train loss:1.7267,val loss:1.7472

Epoch[497/1000]:Train loss:1.7152,val loss:1.7169

Saving  model with loss1.717
Epoch[498/1000]:Train loss:1.7427,val loss:1.7828

Epoch[499/1000]:Train loss:1.7147,val loss:1.8478

Epoch[500/1000]:Train loss:1.7190,val loss:1.7431

Epoch[501/1000]:Train loss:1.7104,val loss:1.7178

Epoch[502/1000]:Train loss:1.7010,val loss:1.7301

Epoch[503/1000]:Train loss:1.7322,val loss:1.7482

Epoch[504/1000]:Train loss:1.7072,val loss:1.7221

Epoch[505/1000]:Train loss:1.7401,val loss:1.8437

Epoch[506/1000]:Train loss:1.6919,val loss:1.7245

Epoch[507/1000]:Train loss:1.6812,val loss:1.7078

Saving  model with loss1.708
Epoch[508/1000]:Train loss:1.7129,val loss:1.7166

Epoch[509/1000]:Train loss:1.7391,val loss:1.7074

Saving  model with loss1.707
Epoch[510/1000]:Train loss:1.7229,val loss:1.7757

Epoch[511/1000]:Train loss:1.6892,val loss:1.7159

Epoch[512/1000]:Train loss:1.6753,val loss:1.7058

Saving  model with loss1.706
Epoch[513/1000]:Train loss:1.7580,val loss:1.6762

Saving  model with loss1.676
Epoch[514/1000]:Train loss:1.7050,val loss:1.7441

Epoch[515/1000]:Train loss:1.6999,val loss:1.7170

Epoch[516/1000]:Train loss:1.7056,val loss:1.7182

Epoch[517/1000]:Train loss:1.6739,val loss:1.7092

Epoch[518/1000]:Train loss:1.6657,val loss:1.6834

Epoch[519/1000]:Train loss:1.6882,val loss:1.6829

Epoch[520/1000]:Train loss:1.7121,val loss:1.7301

Epoch[521/1000]:Train loss:1.6723,val loss:1.7798

Epoch[522/1000]:Train loss:1.6799,val loss:1.7356

Epoch[523/1000]:Train loss:1.6865,val loss:1.7535

Epoch[524/1000]:Train loss:1.6554,val loss:1.6794

Epoch[525/1000]:Train loss:1.6997,val loss:1.6861

Epoch[526/1000]:Train loss:1.7947,val loss:1.6631

Saving  model with loss1.663
Epoch[527/1000]:Train loss:1.7704,val loss:1.6659

Epoch[528/1000]:Train loss:1.7469,val loss:1.7124

Epoch[529/1000]:Train loss:1.6740,val loss:1.6858

Epoch[530/1000]:Train loss:1.6540,val loss:1.6767

Epoch[531/1000]:Train loss:1.6651,val loss:1.6870

Epoch[532/1000]:Train loss:1.6729,val loss:1.6656

Epoch[533/1000]:Train loss:1.6786,val loss:1.6762

Epoch[534/1000]:Train loss:1.6414,val loss:1.6899

Epoch[535/1000]:Train loss:1.6795,val loss:1.6807

Epoch[536/1000]:Train loss:1.6675,val loss:1.6985

Epoch[537/1000]:Train loss:1.7185,val loss:1.9676

Epoch[538/1000]:Train loss:1.7215,val loss:1.6886

Epoch[539/1000]:Train loss:1.6980,val loss:1.6702

Epoch[540/1000]:Train loss:1.6575,val loss:1.6807

Epoch[541/1000]:Train loss:1.7026,val loss:1.7143

Epoch[542/1000]:Train loss:1.6474,val loss:1.6734

Epoch[543/1000]:Train loss:1.6276,val loss:1.6774

Epoch[544/1000]:Train loss:1.6955,val loss:1.7420

Epoch[545/1000]:Train loss:1.7302,val loss:1.6385

Saving  model with loss1.638
Epoch[546/1000]:Train loss:1.6395,val loss:1.6702

Epoch[547/1000]:Train loss:1.6804,val loss:1.6219

Saving  model with loss1.622
Epoch[548/1000]:Train loss:1.6359,val loss:1.7898

Epoch[549/1000]:Train loss:1.6511,val loss:1.8510

Epoch[550/1000]:Train loss:1.6296,val loss:1.6296

Epoch[551/1000]:Train loss:1.6069,val loss:1.6362

Epoch[552/1000]:Train loss:1.6281,val loss:1.7050

Epoch[553/1000]:Train loss:1.6327,val loss:1.6555

Epoch[554/1000]:Train loss:1.5918,val loss:1.6369

Epoch[555/1000]:Train loss:1.6046,val loss:1.6301

Epoch[556/1000]:Train loss:1.6082,val loss:1.6039

Saving  model with loss1.604
Epoch[557/1000]:Train loss:1.6145,val loss:1.6185

Epoch[558/1000]:Train loss:1.6159,val loss:1.6119

Epoch[559/1000]:Train loss:1.6172,val loss:1.6374

Epoch[560/1000]:Train loss:1.6254,val loss:1.5987

Saving  model with loss1.599
Epoch[561/1000]:Train loss:1.6373,val loss:1.6377

Epoch[562/1000]:Train loss:1.6799,val loss:1.6507

Epoch[563/1000]:Train loss:1.6111,val loss:1.6194

Epoch[564/1000]:Train loss:1.5848,val loss:1.6337

Epoch[565/1000]:Train loss:1.6223,val loss:1.8114

Epoch[566/1000]:Train loss:1.6551,val loss:1.7934

Epoch[567/1000]:Train loss:1.6438,val loss:1.6221

Epoch[568/1000]:Train loss:1.6040,val loss:1.6967

Epoch[569/1000]:Train loss:1.6657,val loss:1.6220

Epoch[570/1000]:Train loss:1.6422,val loss:1.6023

Epoch[571/1000]:Train loss:1.6106,val loss:1.6786

Epoch[572/1000]:Train loss:1.5997,val loss:1.5770

Saving  model with loss1.577
Epoch[573/1000]:Train loss:1.5753,val loss:1.6398

Epoch[574/1000]:Train loss:1.6168,val loss:1.8054

Epoch[575/1000]:Train loss:1.6061,val loss:1.5960

Epoch[576/1000]:Train loss:1.5796,val loss:1.6456

Epoch[577/1000]:Train loss:1.5707,val loss:1.5774

Epoch[578/1000]:Train loss:1.5776,val loss:1.5778

Epoch[579/1000]:Train loss:1.5676,val loss:1.6228

Epoch[580/1000]:Train loss:1.5464,val loss:1.6614

Epoch[581/1000]:Train loss:1.5761,val loss:1.6443

Epoch[582/1000]:Train loss:1.5800,val loss:1.5686

Saving  model with loss1.569
Epoch[583/1000]:Train loss:1.6159,val loss:1.5990

Epoch[584/1000]:Train loss:1.6062,val loss:1.5819

Epoch[585/1000]:Train loss:1.5493,val loss:1.5853

Epoch[586/1000]:Train loss:1.5673,val loss:1.5753

Epoch[587/1000]:Train loss:1.6064,val loss:1.6469

Epoch[588/1000]:Train loss:1.5694,val loss:1.7306

Epoch[589/1000]:Train loss:1.6374,val loss:1.6714

Epoch[590/1000]:Train loss:1.5515,val loss:1.8844

Epoch[591/1000]:Train loss:1.6358,val loss:1.5625

Saving  model with loss1.562
Epoch[592/1000]:Train loss:1.5820,val loss:1.5389

Saving  model with loss1.539
Epoch[593/1000]:Train loss:1.5336,val loss:1.5474

Epoch[594/1000]:Train loss:1.5489,val loss:1.5586

Epoch[595/1000]:Train loss:1.5383,val loss:1.5535

Epoch[596/1000]:Train loss:1.5612,val loss:1.6151

Epoch[597/1000]:Train loss:1.5663,val loss:1.6767

Epoch[598/1000]:Train loss:1.5459,val loss:1.5515

Epoch[599/1000]:Train loss:1.5396,val loss:1.6449

Epoch[600/1000]:Train loss:1.5930,val loss:1.5469

Epoch[601/1000]:Train loss:1.5460,val loss:1.5328

Saving  model with loss1.533
Epoch[602/1000]:Train loss:1.5422,val loss:1.5448

Epoch[603/1000]:Train loss:1.5260,val loss:1.5386

Epoch[604/1000]:Train loss:1.5578,val loss:1.7084

Epoch[605/1000]:Train loss:1.5354,val loss:1.6438

Epoch[606/1000]:Train loss:1.5195,val loss:1.5552

Epoch[607/1000]:Train loss:1.5380,val loss:1.5373

Epoch[608/1000]:Train loss:1.4885,val loss:1.5400

Epoch[609/1000]:Train loss:1.5169,val loss:1.5748

Epoch[610/1000]:Train loss:1.4969,val loss:1.5227

Saving  model with loss1.523
Epoch[611/1000]:Train loss:1.5203,val loss:1.4950

Saving  model with loss1.495
Epoch[612/1000]:Train loss:1.5070,val loss:1.5228

Epoch[613/1000]:Train loss:1.4969,val loss:1.5241

Epoch[614/1000]:Train loss:1.5772,val loss:1.6190

Epoch[615/1000]:Train loss:1.5256,val loss:1.5294

Epoch[616/1000]:Train loss:1.5036,val loss:1.7126

Epoch[617/1000]:Train loss:1.5523,val loss:1.5304

Epoch[618/1000]:Train loss:1.5054,val loss:1.6269

Epoch[619/1000]:Train loss:1.5582,val loss:1.4996

Epoch[620/1000]:Train loss:1.4963,val loss:1.5352

Epoch[621/1000]:Train loss:1.5202,val loss:1.5490

Epoch[622/1000]:Train loss:1.4989,val loss:1.5842

Epoch[623/1000]:Train loss:1.4858,val loss:1.4905

Saving  model with loss1.490
Epoch[624/1000]:Train loss:1.5037,val loss:1.7438

Epoch[625/1000]:Train loss:1.4879,val loss:1.5342

Epoch[626/1000]:Train loss:1.5400,val loss:1.4769

Saving  model with loss1.477
Epoch[627/1000]:Train loss:1.5060,val loss:1.5071

Epoch[628/1000]:Train loss:1.4957,val loss:1.5393

Epoch[629/1000]:Train loss:1.4557,val loss:1.5519

Epoch[630/1000]:Train loss:1.5493,val loss:1.5212

Epoch[631/1000]:Train loss:1.5113,val loss:1.4950

Epoch[632/1000]:Train loss:1.4681,val loss:1.6256

Epoch[633/1000]:Train loss:1.4976,val loss:1.5640

Epoch[634/1000]:Train loss:1.4650,val loss:1.6316

Epoch[635/1000]:Train loss:1.5422,val loss:1.5867

Epoch[636/1000]:Train loss:1.4825,val loss:1.4937

Epoch[637/1000]:Train loss:1.4577,val loss:1.5194

Epoch[638/1000]:Train loss:1.5561,val loss:1.5587

Epoch[639/1000]:Train loss:1.5060,val loss:1.7378

Epoch[640/1000]:Train loss:1.5107,val loss:1.5108

Epoch[641/1000]:Train loss:1.4937,val loss:1.7232

Epoch[642/1000]:Train loss:1.5121,val loss:1.5274

Epoch[643/1000]:Train loss:1.5879,val loss:1.4644

Saving  model with loss1.464
Epoch[644/1000]:Train loss:1.4660,val loss:1.5512

Epoch[645/1000]:Train loss:1.4569,val loss:1.5309

Epoch[646/1000]:Train loss:1.5042,val loss:1.4517

Saving  model with loss1.452
Epoch[647/1000]:Train loss:1.4954,val loss:1.6495

Epoch[648/1000]:Train loss:1.5463,val loss:1.4410

Saving  model with loss1.441
Epoch[649/1000]:Train loss:1.4990,val loss:1.4531

Epoch[650/1000]:Train loss:1.4170,val loss:1.4580

Epoch[651/1000]:Train loss:1.4360,val loss:1.4393

Saving  model with loss1.439
Epoch[652/1000]:Train loss:1.4312,val loss:1.4535

Epoch[653/1000]:Train loss:1.4277,val loss:1.4625

Epoch[654/1000]:Train loss:1.4340,val loss:1.5449

Epoch[655/1000]:Train loss:1.4617,val loss:1.4673

Epoch[656/1000]:Train loss:1.4621,val loss:1.4816

Epoch[657/1000]:Train loss:1.5265,val loss:1.6493

Epoch[658/1000]:Train loss:1.4275,val loss:1.4211

Saving  model with loss1.421
Epoch[659/1000]:Train loss:1.4498,val loss:1.5244

Epoch[660/1000]:Train loss:1.4562,val loss:1.5386

Epoch[661/1000]:Train loss:1.4930,val loss:1.4311

Epoch[662/1000]:Train loss:1.4195,val loss:1.4584

Epoch[663/1000]:Train loss:1.4069,val loss:1.4485

Epoch[664/1000]:Train loss:1.4369,val loss:1.4881

Epoch[665/1000]:Train loss:1.4392,val loss:1.4949

Epoch[666/1000]:Train loss:1.4414,val loss:1.4607

Epoch[667/1000]:Train loss:1.4233,val loss:1.5487

Epoch[668/1000]:Train loss:1.4244,val loss:1.4187

Saving  model with loss1.419
Epoch[669/1000]:Train loss:1.3962,val loss:1.4239

Epoch[670/1000]:Train loss:1.3988,val loss:1.4570

Epoch[671/1000]:Train loss:1.4234,val loss:1.4567

Epoch[672/1000]:Train loss:1.4482,val loss:1.4231

Epoch[673/1000]:Train loss:1.4501,val loss:1.4125

Saving  model with loss1.412
Epoch[674/1000]:Train loss:1.4869,val loss:1.4097

Saving  model with loss1.410
Epoch[675/1000]:Train loss:1.4374,val loss:1.5326

Epoch[676/1000]:Train loss:1.4427,val loss:1.4150

Epoch[677/1000]:Train loss:1.3851,val loss:1.3829

Saving  model with loss1.383
Epoch[678/1000]:Train loss:1.4149,val loss:1.4117

Epoch[679/1000]:Train loss:1.4081,val loss:1.4303

Epoch[680/1000]:Train loss:1.3821,val loss:1.4419

Epoch[681/1000]:Train loss:1.4359,val loss:1.8793

Epoch[682/1000]:Train loss:1.5658,val loss:1.4118

Epoch[683/1000]:Train loss:1.4300,val loss:1.4175

Epoch[684/1000]:Train loss:1.4041,val loss:1.4915

Epoch[685/1000]:Train loss:1.4708,val loss:1.4117

Epoch[686/1000]:Train loss:1.3794,val loss:1.5561

Epoch[687/1000]:Train loss:1.4176,val loss:1.4138

Epoch[688/1000]:Train loss:1.5108,val loss:1.3792

Saving  model with loss1.379
Epoch[689/1000]:Train loss:1.3638,val loss:1.4675

Epoch[690/1000]:Train loss:1.4398,val loss:1.5006

Epoch[691/1000]:Train loss:1.3930,val loss:1.3703

Saving  model with loss1.370
Epoch[692/1000]:Train loss:1.3728,val loss:1.3874

Epoch[693/1000]:Train loss:1.3721,val loss:1.3774

Epoch[694/1000]:Train loss:1.3816,val loss:1.7989

Epoch[695/1000]:Train loss:1.3983,val loss:1.3638

Saving  model with loss1.364
Epoch[696/1000]:Train loss:1.3808,val loss:1.4544

Epoch[697/1000]:Train loss:1.3655,val loss:1.4859

Epoch[698/1000]:Train loss:1.3513,val loss:1.3781

Epoch[699/1000]:Train loss:1.3932,val loss:1.3603

Saving  model with loss1.360
Epoch[700/1000]:Train loss:1.3510,val loss:1.4718

Epoch[701/1000]:Train loss:1.3515,val loss:1.4170

Epoch[702/1000]:Train loss:1.3817,val loss:1.4409

Epoch[703/1000]:Train loss:1.3554,val loss:1.4488

Epoch[704/1000]:Train loss:1.3321,val loss:1.4087

Epoch[705/1000]:Train loss:1.4401,val loss:1.3626

Epoch[706/1000]:Train loss:1.3389,val loss:1.7465

Epoch[707/1000]:Train loss:1.4322,val loss:1.3490

Saving  model with loss1.349
Epoch[708/1000]:Train loss:1.3495,val loss:1.3915

Epoch[709/1000]:Train loss:1.3479,val loss:1.3425

Saving  model with loss1.343
Epoch[710/1000]:Train loss:1.3296,val loss:1.3366

Saving  model with loss1.337
Epoch[711/1000]:Train loss:1.3270,val loss:1.3370

Epoch[712/1000]:Train loss:1.3806,val loss:1.3365

Saving  model with loss1.336
Epoch[713/1000]:Train loss:1.3702,val loss:1.3704

Epoch[714/1000]:Train loss:1.3406,val loss:1.5908

Epoch[715/1000]:Train loss:1.3654,val loss:1.3362

Saving  model with loss1.336
Epoch[716/1000]:Train loss:1.3939,val loss:1.3813

Epoch[717/1000]:Train loss:1.3907,val loss:1.4737

Epoch[718/1000]:Train loss:1.4114,val loss:1.3175

Saving  model with loss1.317
Epoch[719/1000]:Train loss:1.3504,val loss:1.5470

Epoch[720/1000]:Train loss:1.4468,val loss:1.6738

Epoch[721/1000]:Train loss:1.3987,val loss:1.3833

Epoch[722/1000]:Train loss:1.3941,val loss:1.3486

Epoch[723/1000]:Train loss:1.3177,val loss:1.3298

Epoch[724/1000]:Train loss:1.3149,val loss:1.3566

Epoch[725/1000]:Train loss:1.5283,val loss:1.3269

Epoch[726/1000]:Train loss:1.3307,val loss:1.3710

Epoch[727/1000]:Train loss:1.3585,val loss:1.3054

Saving  model with loss1.305
Epoch[728/1000]:Train loss:1.3727,val loss:1.3530

Epoch[729/1000]:Train loss:1.3881,val loss:1.5572

Epoch[730/1000]:Train loss:1.3918,val loss:1.3136

Epoch[731/1000]:Train loss:1.3044,val loss:1.3203

Epoch[732/1000]:Train loss:1.3107,val loss:1.5030

Epoch[733/1000]:Train loss:1.3894,val loss:1.4917

Epoch[734/1000]:Train loss:1.3128,val loss:1.3834

Epoch[735/1000]:Train loss:1.3283,val loss:1.5372

Epoch[736/1000]:Train loss:1.3426,val loss:1.2747

Saving  model with loss1.275
Epoch[737/1000]:Train loss:1.2754,val loss:1.3074

Epoch[738/1000]:Train loss:1.3447,val loss:1.2779

Epoch[739/1000]:Train loss:1.2997,val loss:1.2993

Epoch[740/1000]:Train loss:1.2873,val loss:1.3120

Epoch[741/1000]:Train loss:1.2737,val loss:1.2874

Epoch[742/1000]:Train loss:1.2992,val loss:1.2773

Epoch[743/1000]:Train loss:1.2596,val loss:1.2819

Epoch[744/1000]:Train loss:1.2915,val loss:1.4150

Epoch[745/1000]:Train loss:1.3457,val loss:1.6154

Epoch[746/1000]:Train loss:1.3469,val loss:1.9154

Epoch[747/1000]:Train loss:1.3215,val loss:1.3236

Epoch[748/1000]:Train loss:1.3154,val loss:1.5710

Epoch[749/1000]:Train loss:1.2802,val loss:1.2526

Saving  model with loss1.253
Epoch[750/1000]:Train loss:1.3199,val loss:1.3470

Epoch[751/1000]:Train loss:1.3066,val loss:1.4792

Epoch[752/1000]:Train loss:1.3308,val loss:1.3277

Epoch[753/1000]:Train loss:1.2537,val loss:1.3722

Epoch[754/1000]:Train loss:1.2724,val loss:1.2746

Epoch[755/1000]:Train loss:1.2720,val loss:1.2845

Epoch[756/1000]:Train loss:1.2607,val loss:1.3329

Epoch[757/1000]:Train loss:1.2990,val loss:1.4578

Epoch[758/1000]:Train loss:1.2501,val loss:1.4062

Epoch[759/1000]:Train loss:1.2617,val loss:1.2577

Epoch[760/1000]:Train loss:1.3476,val loss:1.2379

Saving  model with loss1.238
Epoch[761/1000]:Train loss:1.3116,val loss:1.2563

Epoch[762/1000]:Train loss:1.2647,val loss:1.3796

Epoch[763/1000]:Train loss:1.3066,val loss:1.4213

Epoch[764/1000]:Train loss:1.3379,val loss:1.2550

Epoch[765/1000]:Train loss:1.2720,val loss:1.2920

Epoch[766/1000]:Train loss:1.2956,val loss:1.2422

Epoch[767/1000]:Train loss:1.2981,val loss:1.4154

Epoch[768/1000]:Train loss:1.2947,val loss:1.3479

Epoch[769/1000]:Train loss:1.2890,val loss:1.2722

Epoch[770/1000]:Train loss:1.2849,val loss:1.3790

Epoch[771/1000]:Train loss:1.2178,val loss:1.2140

Saving  model with loss1.214
Epoch[772/1000]:Train loss:1.3087,val loss:1.2444

Epoch[773/1000]:Train loss:1.3367,val loss:1.2457

Epoch[774/1000]:Train loss:1.2211,val loss:1.3237

Epoch[775/1000]:Train loss:1.3490,val loss:1.2411

Epoch[776/1000]:Train loss:1.3344,val loss:1.3272

Epoch[777/1000]:Train loss:1.3163,val loss:1.2331

Epoch[778/1000]:Train loss:1.2285,val loss:1.5043

Epoch[779/1000]:Train loss:1.2700,val loss:1.2408

Epoch[780/1000]:Train loss:1.2129,val loss:1.3495

Epoch[781/1000]:Train loss:1.2680,val loss:1.2298

Epoch[782/1000]:Train loss:1.2931,val loss:1.4617

Epoch[783/1000]:Train loss:1.3344,val loss:1.4253

Epoch[784/1000]:Train loss:1.4188,val loss:1.3753

Epoch[785/1000]:Train loss:1.2444,val loss:1.6078

Epoch[786/1000]:Train loss:1.2383,val loss:1.3153

Epoch[787/1000]:Train loss:1.3535,val loss:1.2853

Epoch[788/1000]:Train loss:1.2848,val loss:1.8686

Epoch[789/1000]:Train loss:1.3242,val loss:1.1928

Saving  model with loss1.193
Epoch[790/1000]:Train loss:1.2576,val loss:1.3373

Epoch[791/1000]:Train loss:1.2927,val loss:1.2358

Epoch[792/1000]:Train loss:1.3064,val loss:1.2044

Epoch[793/1000]:Train loss:1.1893,val loss:1.2079

Epoch[794/1000]:Train loss:1.2444,val loss:1.1798

Saving  model with loss1.180
Epoch[795/1000]:Train loss:1.1973,val loss:1.2829

Epoch[796/1000]:Train loss:1.2077,val loss:1.2129

Epoch[797/1000]:Train loss:1.2408,val loss:1.1806

Epoch[798/1000]:Train loss:1.2443,val loss:1.1784

Saving  model with loss1.178
Epoch[799/1000]:Train loss:1.2441,val loss:1.3359

Epoch[800/1000]:Train loss:1.1800,val loss:1.1831

Epoch[801/1000]:Train loss:1.1655,val loss:1.1993

Epoch[802/1000]:Train loss:1.2330,val loss:1.2139

Epoch[803/1000]:Train loss:1.2804,val loss:1.1750

Saving  model with loss1.175
Epoch[804/1000]:Train loss:1.2331,val loss:1.3075

Epoch[805/1000]:Train loss:1.2114,val loss:1.3381

Epoch[806/1000]:Train loss:1.2833,val loss:1.2063

Epoch[807/1000]:Train loss:1.2179,val loss:1.4698

Epoch[808/1000]:Train loss:1.1754,val loss:1.2656

Epoch[809/1000]:Train loss:1.3240,val loss:1.1924

Epoch[810/1000]:Train loss:1.1798,val loss:1.5289

Epoch[811/1000]:Train loss:1.2861,val loss:1.1996

Epoch[812/1000]:Train loss:1.1953,val loss:1.1473

Saving  model with loss1.147
Epoch[813/1000]:Train loss:1.1597,val loss:1.1950

Epoch[814/1000]:Train loss:1.2861,val loss:1.2340

Epoch[815/1000]:Train loss:1.3314,val loss:1.2501

Epoch[816/1000]:Train loss:1.1438,val loss:1.2341

Epoch[817/1000]:Train loss:1.2064,val loss:1.2048

Epoch[818/1000]:Train loss:1.1641,val loss:1.3244

Epoch[819/1000]:Train loss:1.2493,val loss:1.4015

Epoch[820/1000]:Train loss:1.2298,val loss:1.2908

Epoch[821/1000]:Train loss:1.1775,val loss:1.1461

Saving  model with loss1.146
Epoch[822/1000]:Train loss:1.2025,val loss:1.2152

Epoch[823/1000]:Train loss:1.2670,val loss:1.6427

Epoch[824/1000]:Train loss:1.2223,val loss:1.1430

Saving  model with loss1.143
Epoch[825/1000]:Train loss:1.1968,val loss:1.1142

Saving  model with loss1.114
Epoch[826/1000]:Train loss:1.1726,val loss:1.1158

Epoch[827/1000]:Train loss:1.1538,val loss:1.1874

Epoch[828/1000]:Train loss:1.1629,val loss:1.2767

Epoch[829/1000]:Train loss:1.2146,val loss:1.1932

Epoch[830/1000]:Train loss:1.1592,val loss:1.1869

Epoch[831/1000]:Train loss:1.1341,val loss:1.3501

Epoch[832/1000]:Train loss:1.2325,val loss:1.3592

Epoch[833/1000]:Train loss:1.2000,val loss:1.4716

Epoch[834/1000]:Train loss:1.1838,val loss:1.2258

Epoch[835/1000]:Train loss:1.1612,val loss:1.1241

Epoch[836/1000]:Train loss:1.2263,val loss:1.1502

Epoch[837/1000]:Train loss:1.2201,val loss:1.3235

Epoch[838/1000]:Train loss:1.1507,val loss:1.1182

Epoch[839/1000]:Train loss:1.2334,val loss:1.9493

Epoch[840/1000]:Train loss:1.2399,val loss:1.1080

Saving  model with loss1.108
Epoch[841/1000]:Train loss:1.1835,val loss:1.2693

Epoch[842/1000]:Train loss:1.1817,val loss:1.3603

Epoch[843/1000]:Train loss:1.1589,val loss:1.1451

Epoch[844/1000]:Train loss:1.2588,val loss:1.2087

Epoch[845/1000]:Train loss:1.0927,val loss:1.0879

Saving  model with loss1.088
Epoch[846/1000]:Train loss:1.1911,val loss:1.1931

Epoch[847/1000]:Train loss:1.1658,val loss:1.1296

Epoch[848/1000]:Train loss:1.1695,val loss:1.6598

Epoch[849/1000]:Train loss:1.1527,val loss:1.1761

Epoch[850/1000]:Train loss:1.1104,val loss:1.3703

Epoch[851/1000]:Train loss:1.1133,val loss:1.0948

Epoch[852/1000]:Train loss:1.1268,val loss:1.1083

Epoch[853/1000]:Train loss:1.1308,val loss:1.1834

Epoch[854/1000]:Train loss:1.1225,val loss:1.2014

Epoch[855/1000]:Train loss:1.1304,val loss:1.0775

Saving  model with loss1.078
Epoch[856/1000]:Train loss:1.1222,val loss:1.0613

Saving  model with loss1.061
Epoch[857/1000]:Train loss:1.1783,val loss:1.5191

Epoch[858/1000]:Train loss:1.2885,val loss:1.1170

Epoch[859/1000]:Train loss:1.2099,val loss:1.1507

Epoch[860/1000]:Train loss:1.1010,val loss:1.1598

Epoch[861/1000]:Train loss:1.1863,val loss:1.2311

Epoch[862/1000]:Train loss:1.1754,val loss:1.0580

Saving  model with loss1.058
Epoch[863/1000]:Train loss:1.1609,val loss:1.1784

Epoch[864/1000]:Train loss:1.3180,val loss:1.1039

Epoch[865/1000]:Train loss:1.2489,val loss:1.3048

Epoch[866/1000]:Train loss:1.2050,val loss:1.0903

Epoch[867/1000]:Train loss:1.0870,val loss:1.0540

Saving  model with loss1.054
Epoch[868/1000]:Train loss:1.3043,val loss:1.0522

Saving  model with loss1.052
Epoch[869/1000]:Train loss:1.1039,val loss:1.3351

Epoch[870/1000]:Train loss:1.0913,val loss:1.3846

Epoch[871/1000]:Train loss:1.1935,val loss:1.0541

Epoch[872/1000]:Train loss:1.0891,val loss:1.0504

Saving  model with loss1.050
Epoch[873/1000]:Train loss:1.1299,val loss:1.0658

Epoch[874/1000]:Train loss:1.3245,val loss:1.4015

Epoch[875/1000]:Train loss:1.1499,val loss:1.1422

Epoch[876/1000]:Train loss:1.2643,val loss:1.3908

Epoch[877/1000]:Train loss:1.2105,val loss:1.0475

Saving  model with loss1.047
Epoch[878/1000]:Train loss:1.3503,val loss:1.1743

Epoch[879/1000]:Train loss:2.0469,val loss:1.6862

Epoch[880/1000]:Train loss:1.1193,val loss:1.1512

Epoch[881/1000]:Train loss:1.0791,val loss:1.2663

Epoch[882/1000]:Train loss:1.1207,val loss:1.1203

Epoch[883/1000]:Train loss:1.1045,val loss:1.4175

Epoch[884/1000]:Train loss:1.1575,val loss:1.0333

Saving  model with loss1.033
Epoch[885/1000]:Train loss:1.1088,val loss:1.1958

Epoch[886/1000]:Train loss:1.1271,val loss:1.1151

Epoch[887/1000]:Train loss:1.2166,val loss:1.1327

Epoch[888/1000]:Train loss:1.1417,val loss:1.3863

Epoch[889/1000]:Train loss:1.1552,val loss:1.4016

Epoch[890/1000]:Train loss:1.0910,val loss:1.6336

Epoch[891/1000]:Train loss:1.2136,val loss:1.0807

Epoch[892/1000]:Train loss:1.1214,val loss:1.0131

Saving  model with loss1.013
Epoch[893/1000]:Train loss:1.0835,val loss:1.0055

Saving  model with loss1.006
Epoch[894/1000]:Train loss:1.1006,val loss:1.3033

Epoch[895/1000]:Train loss:1.1410,val loss:1.4787

Epoch[896/1000]:Train loss:1.1244,val loss:1.0500

Epoch[897/1000]:Train loss:1.1105,val loss:2.4052

Epoch[898/1000]:Train loss:1.2170,val loss:1.1517

Epoch[899/1000]:Train loss:1.1032,val loss:1.0029

Saving  model with loss1.003
Epoch[900/1000]:Train loss:1.2839,val loss:1.3556

Epoch[901/1000]:Train loss:1.2164,val loss:1.2108

Epoch[902/1000]:Train loss:1.2076,val loss:1.0032

Epoch[903/1000]:Train loss:1.1504,val loss:1.1368

Epoch[904/1000]:Train loss:1.1231,val loss:1.0443

Epoch[905/1000]:Train loss:1.2145,val loss:2.1341

Epoch[906/1000]:Train loss:1.2757,val loss:1.5165

Epoch[907/1000]:Train loss:1.1751,val loss:1.6362

Epoch[908/1000]:Train loss:1.0700,val loss:1.2005

Epoch[909/1000]:Train loss:1.1645,val loss:1.1106

Epoch[910/1000]:Train loss:1.0986,val loss:1.1808

Epoch[911/1000]:Train loss:1.0881,val loss:1.0523

Epoch[912/1000]:Train loss:1.0579,val loss:1.1335

Epoch[913/1000]:Train loss:1.1290,val loss:1.0664

Epoch[914/1000]:Train loss:1.1062,val loss:1.0386

Epoch[915/1000]:Train loss:1.1597,val loss:0.9989

Saving  model with loss0.999
Epoch[916/1000]:Train loss:1.1154,val loss:1.0990

Epoch[917/1000]:Train loss:1.1485,val loss:1.1054

Epoch[918/1000]:Train loss:1.0966,val loss:1.0368

Epoch[919/1000]:Train loss:1.0397,val loss:1.1325

Epoch[920/1000]:Train loss:1.1088,val loss:1.0846

Epoch[921/1000]:Train loss:1.1074,val loss:0.9819

Saving  model with loss0.982
Epoch[922/1000]:Train loss:1.0684,val loss:0.9672

Saving  model with loss0.967
Epoch[923/1000]:Train loss:1.0998,val loss:1.0435

Epoch[924/1000]:Train loss:1.1104,val loss:1.6357

Epoch[925/1000]:Train loss:1.0917,val loss:1.1291

Epoch[926/1000]:Train loss:1.0296,val loss:1.1068

Epoch[927/1000]:Train loss:1.1314,val loss:1.3690

Epoch[928/1000]:Train loss:1.2036,val loss:0.9589

Saving  model with loss0.959
Epoch[929/1000]:Train loss:1.0965,val loss:1.9986

Epoch[930/1000]:Train loss:1.2136,val loss:1.6919

Epoch[931/1000]:Train loss:1.1228,val loss:0.9684

Epoch[932/1000]:Train loss:1.0459,val loss:0.9720

Epoch[933/1000]:Train loss:1.0858,val loss:1.4162

Epoch[934/1000]:Train loss:1.0377,val loss:1.0072

Epoch[935/1000]:Train loss:1.1168,val loss:1.5470

Epoch[936/1000]:Train loss:1.0871,val loss:1.9562

Epoch[937/1000]:Train loss:1.2256,val loss:1.1491

Epoch[938/1000]:Train loss:1.1146,val loss:0.9860

Epoch[939/1000]:Train loss:1.1336,val loss:0.9814

Epoch[940/1000]:Train loss:1.1061,val loss:0.9750

Epoch[941/1000]:Train loss:1.1795,val loss:1.0110

Epoch[942/1000]:Train loss:1.0287,val loss:1.0458

Epoch[943/1000]:Train loss:1.0932,val loss:0.9670

Epoch[944/1000]:Train loss:1.0644,val loss:0.9476

Saving  model with loss0.948
Epoch[945/1000]:Train loss:1.2092,val loss:1.1755

Epoch[946/1000]:Train loss:1.1226,val loss:1.0207

Epoch[947/1000]:Train loss:1.1609,val loss:1.1397

Epoch[948/1000]:Train loss:1.1108,val loss:1.2508

Epoch[949/1000]:Train loss:1.0417,val loss:1.0063

Epoch[950/1000]:Train loss:1.1634,val loss:1.3945

Epoch[951/1000]:Train loss:1.0255,val loss:1.0008

Epoch[952/1000]:Train loss:1.0562,val loss:1.0336

Epoch[953/1000]:Train loss:1.0174,val loss:1.3679

Epoch[954/1000]:Train loss:1.1052,val loss:0.9300

Saving  model with loss0.930
Epoch[955/1000]:Train loss:1.0701,val loss:0.9296

Saving  model with loss0.930
Epoch[956/1000]:Train loss:1.0981,val loss:0.9662

Epoch[957/1000]:Train loss:1.1325,val loss:0.9171

Saving  model with loss0.917
Epoch[958/1000]:Train loss:1.0629,val loss:0.9174

Epoch[959/1000]:Train loss:1.0958,val loss:1.0199

Epoch[960/1000]:Train loss:1.1291,val loss:1.0041

Epoch[961/1000]:Train loss:1.0741,val loss:0.9096

Saving  model with loss0.910
Epoch[962/1000]:Train loss:1.1553,val loss:1.1510

Epoch[963/1000]:Train loss:0.9991,val loss:1.0513

Epoch[964/1000]:Train loss:1.1439,val loss:0.9162

Epoch[965/1000]:Train loss:1.1076,val loss:0.9467

Epoch[966/1000]:Train loss:1.0508,val loss:1.0024

Epoch[967/1000]:Train loss:1.0333,val loss:1.0392

Epoch[968/1000]:Train loss:0.9412,val loss:1.0362

Epoch[969/1000]:Train loss:1.1218,val loss:1.2923

Epoch[970/1000]:Train loss:1.1070,val loss:0.9652

Epoch[971/1000]:Train loss:1.1149,val loss:1.2193

Epoch[972/1000]:Train loss:1.0849,val loss:1.6896

Epoch[973/1000]:Train loss:1.2214,val loss:1.3584

Epoch[974/1000]:Train loss:1.0713,val loss:1.2711

Epoch[975/1000]:Train loss:1.2325,val loss:1.8434

Epoch[976/1000]:Train loss:1.3005,val loss:0.8881

Saving  model with loss0.888
Epoch[977/1000]:Train loss:1.0444,val loss:1.4257

Epoch[978/1000]:Train loss:1.1792,val loss:1.0674

Epoch[979/1000]:Train loss:1.1908,val loss:2.1809

Epoch[980/1000]:Train loss:1.1315,val loss:0.9859

Epoch[981/1000]:Train loss:1.1090,val loss:1.2631

Epoch[982/1000]:Train loss:1.1369,val loss:0.9431

Epoch[983/1000]:Train loss:1.1146,val loss:1.1405

Epoch[984/1000]:Train loss:1.1375,val loss:1.0883

Epoch[985/1000]:Train loss:1.0446,val loss:0.8919

Epoch[986/1000]:Train loss:1.1195,val loss:0.9484

Epoch[987/1000]:Train loss:1.1943,val loss:1.2072

Epoch[988/1000]:Train loss:1.0542,val loss:1.0056

Epoch[989/1000]:Train loss:1.0894,val loss:1.4531

Epoch[990/1000]:Train loss:1.1198,val loss:1.1600

Epoch[991/1000]:Train loss:1.2139,val loss:1.0931

Epoch[992/1000]:Train loss:1.0859,val loss:1.2537

Epoch[993/1000]:Train loss:1.2176,val loss:1.4379

Epoch[994/1000]:Train loss:1.2291,val loss:0.9978

Epoch[995/1000]:Train loss:1.1196,val loss:0.9418

Epoch[996/1000]:Train loss:1.1102,val loss:0.9100

Epoch[997/1000]:Train loss:1.0708,val loss:0.8915

Epoch[998/1000]:Train loss:1.0766,val loss:1.2471

Epoch[999/1000]:Train loss:1.0103,val loss:1.9165

Epoch[1000/1000]:Train loss:1.2134,val loss:1.7600

swanlab: Experiment covid_model_train has completed
swanlab: 🌟 Run `swanlab watch D:\python-mangshe\pythonProject1\李宏毅机器学习\Hw1\swanlog` to view SwanLab Experiment Dashboard locally
swanlab: 🏠 View project at https://swanlab.cn/@lizhongzheng/Hw1
swanlab: 🚀 View run at https://swanlab.cn/@lizhongzheng/Hw1/runs/qim3zvlkyenl81gnhvgaw
swanlab: \ Waiting for uploading complete                                                                                                    swanlab: \ Updating experiment status...                                                                                                    